# Logfile created on 2016-11-06 13:16:26 -0800 by logger.rb/54362
D, [2016-11-06T13:16:26.390361 #32050] DEBUG -- Pubnub::Client: Created new Pubnub::Client instance. Version: 4.0.14
D, [2016-11-06T13:16:26.391116 #32050] DEBUG -- Pubnub::Event: Initialized Pubnub::Publish
D, [2016-11-06T13:16:26.391637 #32050] DEBUG -- Pubnub::Publish: Fired event Pubnub::Publish
D, [2016-11-06T13:16:26.391678 #32050] DEBUG -- Pubnub::Client: Looking for requester for single_event
D, [2016-11-06T13:16:26.392248 #32050] DEBUG -- Pubnub::Event: Requested URI: http://pubsub.pubnub.com/publish/pub-c-4190739e-91b4-41b8-9cbe-15d1d2798b92/sub-c-32c1ea38-a448-11e6-9ec8-02ee2ddab7fe/0/conversation%2F3/0/%7B%22id%22%3A21%2C%22user_id%22%3A1%2C%22conversation_id%22%3A3%2C%22original_type%22%3A%22youth%22%2C%22old_translation%22%3A%22null%22%2C%22youth_translation%22%3A%22Heyyysbs%22%2C%22sent_time%22%3A1478466986%2C%22username%22%3A%22thea%22%7D?ortt=%7B%22t%22%3A14784669863911660%7D&pnsdk=PubNub-Ruby%2F4.0.14&seqn=1&uuid=a0edde4a-32d7-4a5c-a0ad-8e8cd28f16d4
D, [2016-11-06T13:16:26.492026 #32050] DEBUG -- Pubnub::Event: Requested URI: http://pubsub.pubnub.com/publish/pub-c-4190739e-91b4-41b8-9cbe-15d1d2798b92/sub-c-32c1ea38-a448-11e6-9ec8-02ee2ddab7fe/0/conversation%2F3/0/%7B%22id%22%3A21%2C%22user_id%22%3A1%2C%22conversation_id%22%3A3%2C%22original_type%22%3A%22youth%22%2C%22old_translation%22%3A%22null%22%2C%22youth_translation%22%3A%22Heyyysbs%22%2C%22sent_time%22%3A1478466986%2C%22username%22%3A%22thea%22%7D?ortt=%7B%22t%22%3A14784669863911660%7D&pnsdk=PubNub-Ruby%2F4.0.14&seqn=1&uuid=a0edde4a-32d7-4a5c-a0ad-8e8cd28f16d4
D, [2016-11-06T13:16:26.492154 #32050] DEBUG -- Pubnub::Event: Event#handle
D, [2016-11-06T13:16:26.492295 #32050] DEBUG -- Pubnub::Event: Firing callbacks for Pubnub::Publish
E, [2016-11-06T13:16:26.492380 #32050] ERROR -- Pubnub::Event: Error while calling callback #<LocalJumpError: no block given (yield)>
D, [2016-11-06T13:17:25.709645 #32050] DEBUG -- Pubnub::Client: Created new Pubnub::Client instance. Version: 4.0.14
D, [2016-11-06T13:17:25.710068 #32050] DEBUG -- Pubnub::Event: Initialized Pubnub::Publish
D, [2016-11-06T13:17:25.710449 #32050] DEBUG -- Pubnub::Publish: Fired event Pubnub::Publish
D, [2016-11-06T13:17:25.710480 #32050] DEBUG -- Pubnub::Client: Looking for requester for single_event
D, [2016-11-06T13:17:25.710847 #32050] DEBUG -- Pubnub::Event: Requested URI: http://pubsub.pubnub.com/publish/pub-c-4190739e-91b4-41b8-9cbe-15d1d2798b92/sub-c-32c1ea38-a448-11e6-9ec8-02ee2ddab7fe/0/conversation%2F3/0/%7B%22id%22%3A22%2C%22user_id%22%3A1%2C%22conversation_id%22%3A3%2C%22original_type%22%3A%22youth%22%2C%22old_translation%22%3A%22null%22%2C%22youth_translation%22%3A%22Hsidbebdisne%22%2C%22sent_time%22%3A1478467045%2C%22username%22%3A%22thea%22%7D?ortt=%7B%22t%22%3A14784670457100930%7D&pnsdk=PubNub-Ruby%2F4.0.14&seqn=1&uuid=f5e3d448-83ca-4618-8203-be157a505697
D, [2016-11-06T13:17:25.784041 #32050] DEBUG -- Pubnub::Event: Requested URI: http://pubsub.pubnub.com/publish/pub-c-4190739e-91b4-41b8-9cbe-15d1d2798b92/sub-c-32c1ea38-a448-11e6-9ec8-02ee2ddab7fe/0/conversation%2F3/0/%7B%22id%22%3A22%2C%22user_id%22%3A1%2C%22conversation_id%22%3A3%2C%22original_type%22%3A%22youth%22%2C%22old_translation%22%3A%22null%22%2C%22youth_translation%22%3A%22Hsidbebdisne%22%2C%22sent_time%22%3A1478467045%2C%22username%22%3A%22thea%22%7D?ortt=%7B%22t%22%3A14784670457100930%7D&pnsdk=PubNub-Ruby%2F4.0.14&seqn=1&uuid=f5e3d448-83ca-4618-8203-be157a505697
D, [2016-11-06T13:17:25.784144 #32050] DEBUG -- Pubnub::Event: Event#handle
D, [2016-11-06T13:17:25.784237 #32050] DEBUG -- Pubnub::Event: Firing callbacks for Pubnub::Publish
E, [2016-11-06T13:17:25.784269 #32050] ERROR -- Pubnub::Event: Error while calling callback #<LocalJumpError: no block given (yield)>
D, [2016-11-06T13:19:03.138327 #32050] DEBUG -- Pubnub::Client: Created new Pubnub::Client instance. Version: 4.0.14
D, [2016-11-06T13:19:03.138788 #32050] DEBUG -- Pubnub::Event: Initialized Pubnub::Publish
D, [2016-11-06T13:19:03.139196 #32050] DEBUG -- Pubnub::Publish: Fired event Pubnub::Publish
D, [2016-11-06T13:19:03.139237 #32050] DEBUG -- Pubnub::Client: Looking for requester for single_event
D, [2016-11-06T13:19:03.139602 #32050] DEBUG -- Pubnub::Event: Requested URI: http://pubsub.pubnub.com/publish/pub-c-4190739e-91b4-41b8-9cbe-15d1d2798b92/sub-c-32c1ea38-a448-11e6-9ec8-02ee2ddab7fe/0/conversation%2F3/0/%7B%22id%22%3A23%2C%22user_id%22%3A1%2C%22conversation_id%22%3A3%2C%22original_type%22%3A%22youth%22%2C%22old_translation%22%3A%22null%22%2C%22youth_translation%22%3A%22Gkggfgh%22%2C%22sent_time%22%3A1478467143%2C%22username%22%3A%22thea%22%7D?ortt=%7B%22t%22%3A14784671431388140%7D&pnsdk=PubNub-Ruby%2F4.0.14&seqn=1&uuid=ed501d31-2ca0-435c-8481-a6a0eaa79b9b
D, [2016-11-06T13:19:03.634598 #32050] DEBUG -- Pubnub::Event: Requested URI: http://pubsub.pubnub.com/publish/pub-c-4190739e-91b4-41b8-9cbe-15d1d2798b92/sub-c-32c1ea38-a448-11e6-9ec8-02ee2ddab7fe/0/conversation%2F3/0/%7B%22id%22%3A23%2C%22user_id%22%3A1%2C%22conversation_id%22%3A3%2C%22original_type%22%3A%22youth%22%2C%22old_translation%22%3A%22null%22%2C%22youth_translation%22%3A%22Gkggfgh%22%2C%22sent_time%22%3A1478467143%2C%22username%22%3A%22thea%22%7D?ortt=%7B%22t%22%3A14784671431388140%7D&pnsdk=PubNub-Ruby%2F4.0.14&seqn=1&uuid=ed501d31-2ca0-435c-8481-a6a0eaa79b9b
D, [2016-11-06T13:19:03.634726 #32050] DEBUG -- Pubnub::Event: Event#handle
D, [2016-11-06T13:19:03.634827 #32050] DEBUG -- Pubnub::Event: Firing callbacks for Pubnub::Publish
E, [2016-11-06T13:19:03.634862 #32050] ERROR -- Pubnub::Event: Error while calling callback #<LocalJumpError: no block given (yield)>
D, [2016-11-06T13:20:17.843655 #32050] DEBUG -- Pubnub::Client: Created new Pubnub::Client instance. Version: 4.0.14
D, [2016-11-06T13:20:17.844177 #32050] DEBUG -- Pubnub::Event: Initialized Pubnub::Publish
D, [2016-11-06T13:20:17.844591 #32050] DEBUG -- Pubnub::Publish: Fired event Pubnub::Publish
D, [2016-11-06T13:20:17.844644 #32050] DEBUG -- Pubnub::Client: Looking for requester for single_event
D, [2016-11-06T13:20:17.845151 #32050] DEBUG -- Pubnub::Event: Requested URI: http://pubsub.pubnub.com/publish/pub-c-4190739e-91b4-41b8-9cbe-15d1d2798b92/sub-c-32c1ea38-a448-11e6-9ec8-02ee2ddab7fe/0/conversation%2F3/0/%7B%22id%22%3A25%2C%22user_id%22%3A1%2C%22conversation_id%22%3A3%2C%22original_type%22%3A%22youth%22%2C%22old_translation%22%3A%22null%22%2C%22youth_translation%22%3A%22Jandjsbdbd%22%2C%22sent_time%22%3A1478467217%2C%22username%22%3A%22thea%22%7D?ortt=%7B%22t%22%3A14784672178442140%7D&pnsdk=PubNub-Ruby%2F4.0.14&seqn=1&uuid=60ba64e1-2f76-4665-b1e3-ee85e0efca48
D, [2016-11-06T13:20:18.356212 #32050] DEBUG -- Pubnub::Event: Requested URI: http://pubsub.pubnub.com/publish/pub-c-4190739e-91b4-41b8-9cbe-15d1d2798b92/sub-c-32c1ea38-a448-11e6-9ec8-02ee2ddab7fe/0/conversation%2F3/0/%7B%22id%22%3A25%2C%22user_id%22%3A1%2C%22conversation_id%22%3A3%2C%22original_type%22%3A%22youth%22%2C%22old_translation%22%3A%22null%22%2C%22youth_translation%22%3A%22Jandjsbdbd%22%2C%22sent_time%22%3A1478467217%2C%22username%22%3A%22thea%22%7D?ortt=%7B%22t%22%3A14784672178442140%7D&pnsdk=PubNub-Ruby%2F4.0.14&seqn=1&uuid=60ba64e1-2f76-4665-b1e3-ee85e0efca48
D, [2016-11-06T13:20:18.356620 #32050] DEBUG -- Pubnub::Event: Event#handle
D, [2016-11-06T13:20:18.357061 #32050] DEBUG -- Pubnub::Event: Firing callbacks for Pubnub::Publish
E, [2016-11-06T13:20:18.357233 #32050] ERROR -- Pubnub::Event: Error while calling callback #<LocalJumpError: no block given (yield)>
